\BOOKMARK [0][-]{chapter.1}{\376\377\000I\000n\000t\000r\000o\000d\000u\000c\000t\000i\000o\000n}{}% 1
\BOOKMARK [0][-]{chapter.2}{\376\377\000B\000a\000c\000k\000g\000r\000o\000u\000n\000d}{}% 2
\BOOKMARK [1][-]{section.2.1}{\376\377\000P\000r\000o\000c\000e\000s\000s\000\040\000A\000l\000g\000e\000b\000r\000a}{chapter.2}% 3
\BOOKMARK [2][-]{subsection.2.1.1}{\376\377\000T\000h\000e\000\040\000B\000a\000s\000i\000c\000\040\000P\000r\000o\000c\000e\000s\000s\000\040\000A\000l\000g\000e\000b\000r\000a}{section.2.1}% 4
\BOOKMARK [2][-]{subsection.2.1.2}{\376\377\000I\000n\000t\000e\000r\000n\000a\000l\000\040\000A\000c\000t\000i\000o\000n\000s}{section.2.1}% 5
\BOOKMARK [2][-]{subsection.2.1.3}{\376\377\000O\000t\000h\000e\000r\000\040\000P\000r\000o\000c\000e\000s\000s\000\040\000A\000l\000g\000e\000b\000r\000a\000s}{section.2.1}% 6
\BOOKMARK [1][-]{section.2.2}{\376\377\000E\000n\000c\000o\000d\000i\000n\000g\000s\000\040\000o\000f\000\040\000P\000r\000o\000c\000e\000s\000s\000\040\000A\000l\000g\000e\000b\000r\000a}{chapter.2}% 7
\BOOKMARK [1][-]{section.2.3}{\376\377\000C\000S\000P}{chapter.2}% 8
\BOOKMARK [1][-]{section.2.4}{\376\377\000a\000c\000p}{chapter.2}% 9
\BOOKMARK [1][-]{section.2.5}{\376\377\000C\000o\000m\000p\000a\000r\000i\000n\000g\000\040\000C\000S\000P\000\040\000t\000o\000\040\000A\000C\000P}{chapter.2}% 10
\BOOKMARK [0][-]{chapter.3}{\376\377\000A\000\040\000f\000o\000r\000m\000a\000l\000\040\000d\000e\000f\000i\000n\000i\000t\000i\000o\000n\000\040\000o\000f\000\040\000C\000S\000P\000\040\000a\000n\000d\000\040\000A\000C\000P}{}% 11
\BOOKMARK [1][-]{section.3.1}{\376\377\000L\000a\000n\000g\000u\000a\000g\000e\000s\000\040\000a\000n\000d\000\040\000E\000x\000p\000r\000e\000s\000s\000i\000v\000e\000n\000e\000s\000s}{chapter.3}% 12
\BOOKMARK [1][-]{section.3.2}{\376\377\000A\000C\000P\000-\000t\000f}{chapter.3}% 13
\BOOKMARK [2][-]{subsection.3.2.1}{\376\377\000B\000a\000s\000i\000c\000\040\000a\000c\000p\000t}{section.3.2}% 14
\BOOKMARK [2][-]{subsection.3.2.2}{\376\377\000C\000o\000m\000m\000u\000n\000i\000c\000a\000t\000i\000o\000n\000\040\000a\000n\000d\000\040\000M\000e\000r\000g\000e}{section.3.2}% 15
\BOOKMARK [2][-]{subsection.3.2.3}{\376\377\000S\000u\000c\000c\000e\000s\000s\000f\000u\000l\000\040\000T\000e\000r\000m\000i\000n\000a\000t\000i\000o\000n}{section.3.2}% 16
\BOOKMARK [2][-]{subsection.3.2.4}{\376\377\000a\000c\000p\000t\000f}{section.3.2}% 17
\BOOKMARK [1][-]{section.3.3}{\376\377\000C\000S\000P}{chapter.3}% 18
\BOOKMARK [1][-]{section.3.4}{\376\377\000S\000t\000r\000u\000c\000t\000u\000r\000e\000d\000\040\000O\000p\000e\000r\000a\000t\000i\000o\000n\000a\000l\000\040\000S\000e\000m\000a\000n\000t\000i\000c\000s}{chapter.3}% 19
\BOOKMARK [1][-]{section.3.5}{\376\377\000S\000e\000m\000a\000n\000t\000i\000c\000\040\000E\000q\000u\000i\000v\000a\000l\000e\000n\000c\000e\000s}{chapter.3}% 20
\BOOKMARK [0][-]{chapter.4}{\376\377\000A\000\040\000T\000r\000a\000n\000s\000l\000a\000t\000i\000o\000n\000\040\000o\000f\000\040\000C\000S\000P\000\040\000t\000o\000\040\000A\000C\000P}{}% 21
\BOOKMARK [1][-]{section.4.1}{\376\377\000D\000i\000r\000e\000c\000t\000\040\000T\000r\000a\000n\000s\000l\000a\000t\000i\000o\000n\000s}{chapter.4}% 22
\BOOKMARK [1][-]{section.4.2}{\376\377\000T\000r\000i\000v\000i\000a\000l\000\040\000T\000r\000a\000n\000s\000l\000a\000t\000i\000o\000n\000s}{chapter.4}% 23
\BOOKMARK [1][-]{section.4.3}{\376\377\000H\000e\000l\000p\000e\000r\000\040\000O\000p\000e\000r\000a\000t\000o\000r\000s\000\040\000f\000o\000r\000\040\000t\000h\000e\000\040\000l\000a\000n\000g\000u\000a\000g\000e\000\040\000A\000C\000P\000t\000f}{chapter.4}% 24
\BOOKMARK [2][-]{subsection.4.3.1}{\376\377\000S\000u\000b\000s\000e\000t\000s\000\040\000o\000f\000\040\000S\000i\000g\000m\000a}{section.4.3}% 25
\BOOKMARK [2][-]{subsection.4.3.2}{\376\377\000T\000r\000i\000g\000g\000e\000r\000i\000n\000g}{section.4.3}% 26
\BOOKMARK [2][-]{subsection.4.3.3}{\376\377\000A\000s\000s\000o\000c\000i\000a\000t\000i\000v\000i\000t\000y\000\040\000a\000n\000d\000\040\000P\000o\000s\000t\000f\000i\000x\000\040\000F\000u\000n\000c\000t\000i\000o\000n}{section.4.3}% 27
\BOOKMARK [1][-]{section.4.4}{\376\377\000T\000r\000a\000n\000s\000l\000a\000t\000i\000o\000n\000s\000\040\000f\000o\000r\000\040\000t\000h\000e\000\040\000r\000e\000m\000a\000i\000n\000i\000n\000g\000\040\000C\000S\000P\000\040\000O\000p\000e\000r\000a\000t\000o\000r\000s}{chapter.4}% 28
\BOOKMARK [2][-]{subsection.4.4.1}{\376\377\000C\000o\000m\000m\000u\000n\000i\000c\000a\000t\000i\000o\000n\000s\000\040\000a\000n\000d\000\040\000F\000u\000n\000c\000t\000i\000o\000n\000a\000l\000\040\000R\000e\000n\000a\000m\000i\000n\000g}{section.4.4}% 29
\BOOKMARK [2][-]{subsection.4.4.2}{\376\377\000P\000a\000r\000a\000l\000l\000e\000l\000\040\000C\000o\000m\000p\000o\000s\000i\000t\000i\000o\000n}{section.4.4}% 30
\BOOKMARK [2][-]{subsection.4.4.3}{\376\377\000E\000x\000t\000e\000r\000n\000a\000l\000\040\000c\000h\000o\000i\000c\000e}{section.4.4}% 31
\BOOKMARK [2][-]{subsection.4.4.4}{\376\377\000S\000l\000i\000d\000i\000n\000g\000\040\000C\000h\000o\000i\000c\000e}{section.4.4}% 32
\BOOKMARK [2][-]{subsection.4.4.5}{\376\377\000I\000n\000t\000e\000r\000r\000u\000p\000t}{section.4.4}% 33
\BOOKMARK [2][-]{subsection.4.4.6}{\376\377\000T\000h\000r\000o\000w}{section.4.4}% 34
\BOOKMARK [2][-]{subsection.4.4.7}{\376\377\000F\000i\000n\000a\000l\000\040\000T\000r\000a\000n\000s\000l\000a\000t\000i\000o\000n}{section.4.4}% 35
\BOOKMARK [0][-]{chapter.5}{\376\377\000V\000a\000l\000i\000d\000i\000t\000y\000\040\000o\000f\000\040\000t\000h\000e\000\040\000E\000n\000c\000o\000d\000i\000n\000g}{}% 36
\BOOKMARK [1][-]{section.5.1}{\376\377\000P\000r\000e\000r\000e\000q\000u\000i\000s\000i\000t\000e\000s\000\040\000a\000n\000d\000\040\000H\000e\000l\000p\000e\000r\000\040\000T\000h\000e\000o\000r\000e\000m\000s}{chapter.5}% 37
\BOOKMARK [2][-]{subsection.5.1.1}{\376\377\000R\000o\000o\000t\000e\000d\000\040\000B\000r\000a\000n\000c\000h\000i\000n\000g\000\040\000B\000i\000s\000i\000m\000i\000l\000a\000r\000i\000t\000y}{section.5.1}% 38
\BOOKMARK [2][-]{subsection.5.1.2}{\376\377\000L\000e\000m\000m\000a\000s\000\040\000a\000n\000d\000\040\000T\000h\000e\000o\000r\000e\000m\000s}{section.5.1}% 39
\BOOKMARK [1][-]{section.5.2}{\376\377\000P\000r\000o\000o\000f\000\040\000o\000f\000\040\000R\000o\000o\000t\000e\000d\000\040\000B\000r\000a\000n\000c\000h\000i\000n\000g\000\040\000B\000i\000s\000i\000m\000i\000l\000a\000r\000i\000t\000y}{chapter.5}% 40
\BOOKMARK [2][-]{subsection.5.2.1}{\376\377\000E\000x\000t\000e\000r\000n\000a\000l\000\040\000c\000h\000o\000i\000c\000e}{section.5.2}% 41
\BOOKMARK [2][-]{subsection.5.2.2}{\376\377\000I\000n\000t\000e\000r\000r\000u\000p\000t}{section.5.2}% 42
\BOOKMARK [2][-]{subsection.5.2.3}{\376\377\000G\000e\000n\000e\000r\000a\000l\000i\000s\000i\000n\000g}{section.5.2}% 43
\BOOKMARK [0][-]{chapter.6}{\376\377\000C\000o\000n\000c\000l\000u\000s\000i\000o\000n}{}% 44
\BOOKMARK [1][-]{section.6.1}{\376\377\000R\000e\000s\000u\000l\000t\000s}{chapter.6}% 45
\BOOKMARK [1][-]{section.6.2}{\376\377\000L\000i\000m\000i\000t\000a\000t\000i\000o\000n\000s\000\040\000a\000n\000d\000\040\000F\000u\000t\000u\000r\000e\000\040\000W\000o\000r\000k}{chapter.6}% 46
\BOOKMARK [0][-]{chapter*.43}{\376\377\000B\000i\000b\000l\000i\000o\000g\000r\000a\000p\000h\000y}{}% 47
\BOOKMARK [0][-]{appendix.A}{\376\377\000D\000i\000a\000g\000r\000a\000m\000s}{}% 48
\BOOKMARK [1][-]{section.A.1}{\376\377\000E\000x\000a\000m\000p\000l\000e\000s\000\040\000o\000f\000\040\000T\000r\000a\000n\000s\000l\000a\000t\000i\000o\000n\000s}{appendix.A}% 49
\BOOKMARK [2][-]{subsection.A.1.1}{\376\377\000E\000x\000t\000e\000r\000n\000a\000l\000\040\000C\000h\000o\000i\000c\000e}{section.A.1}% 50
\BOOKMARK [2][-]{subsection.A.1.2}{\376\377\000S\000l\000i\000d\000i\000n\000g\000\040\000C\000h\000o\000i\000c\000e}{section.A.1}% 51
\BOOKMARK [2][-]{subsection.A.1.3}{\376\377\000I\000n\000t\000e\000r\000r\000u\000p\000t}{section.A.1}% 52
\BOOKMARK [2][-]{subsection.A.1.4}{\376\377\000T\000h\000r\000o\000w}{section.A.1}% 53
\BOOKMARK [2][-]{subsection.A.1.5}{\376\377\000P\000a\000r\000a\000l\000l\000e\000l\000\040\000C\000o\000m\000p\000o\000s\000i\000t\000i\000o\000n}{section.A.1}% 54
\BOOKMARK [0][-]{appendix.B}{\376\377\000E\000x\000t\000e\000n\000d\000e\000d\000\040\000D\000e\000f\000i\000n\000i\000t\000i\000o\000n\000s}{}% 55
\BOOKMARK [1][-]{section.B.1}{\376\377\000E\000x\000t\000e\000n\000d\000e\000d\000\040\000D\000e\000f\000i\000n\000i\000t\000i\000o\000n\000s}{appendix.B}% 56
\BOOKMARK [2][-]{subsection.B.1.1}{\376\377\000A\000d\000d\000i\000t\000i\000o\000n\000a\000l\000\040\000A\000x\000i\000o\000m\000s\000\040\000f\000o\000r\000\040\000t\000h\000e\000\040\000l\000a\000n\000g\000a\000u\000g\000e\000\040\000a\000c\000p\000t}{section.B.1}% 57
\BOOKMARK [2][-]{subsection.B.1.2}{\376\377\000O\000p\000e\000r\000a\000t\000i\000o\000n\000a\000l\000\040\000S\000e\000m\000a\000n\000t\000i\000c\000s\000\040\000f\000o\000r\000\040\000a\000c\000p\000t\000f}{section.B.1}% 58
